<?xml version="1.0" encoding="UTF-8"?>
<!-- Generated by org.testng.reporters.JUnitReportReporter -->
<testsuite skipped="0" hostname="DESKTOP-35PKLNE" name="selenium_grid.LogintestOnWIndowsusingChrome" tests="2" failures="0" timestamp="26 Jul 2021 00:55:19 GMT" time="7.607" errors="0">
  <testcase name="setUp" time="7.426" classname="selenium_grid.LogintestOnWIndowsusingChrome"/>
  <testcase name="login" time="0.181" classname="selenium_grid.LogintestOnWIndowsusingChrome"/>
</testsuite> <!-- selenium_grid.LogintestOnWIndowsusingChrome -->
