<?xml version="1.0" encoding="UTF-8"?>
<!-- Generated by org.testng.reporters.JUnitReportReporter -->
<testsuite skipped="0" hostname="DESKTOP-35PKLNE" name="NopCommerceTest" tests="1" failures="0" timestamp="2021-07-28T02:07:47 CEST" time="8.551" errors="0">
  <testcase name="noCommerceLoginTest" time="8.551" classname="NopCommerceTest"/>
  <system-out/>
</testsuite> <!-- NopCommerceTest -->
