<?xml version="1.0" encoding="UTF-8"?>
<!-- Generated by org.testng.reporters.JUnitReportReporter -->
<testsuite skipped="0" hostname="DESKTOP-35PKLNE" name="Test_Recording" tests="1" failures="0" timestamp="2021-07-27T18:52:28 CEST" time="33.455" errors="0">
  <testcase name="navigationTest" time="33.455" classname="Test_Recording"/>
  <system-out/>
</testsuite> <!-- Test_Recording -->
