<?xml version="1.0" encoding="UTF-8"?>
<!-- Generated by org.testng.reporters.JUnitReportReporter -->
<testsuite skipped="0" hostname="DESKTOP-35PKLNE" name="Tutorial_Class__01_Listener_Test_Case" tests="2" failures="0" timestamp="25 Jul 2021 13:39:12 GMT" time="0.138" errors="0">
  <testcase name="test_case_01" time="0.133" classname="Tutorial_Class__01_Listener_Test_Case"/>
  <testcase name="test_case_02" time="0.005" classname="Tutorial_Class__01_Listener_Test_Case"/>
</testsuite> <!-- Tutorial_Class__01_Listener_Test_Case -->
